<?xml version="1.0" encoding="UTF-8"?>
<!-- Generated by org.testng.reporters.JUnitXMLReporter -->
<testsuite hostname="Admin-PC" ignored="0" name="ApplicationTest" tests="2" failures="1" timestamp="14 Sep 2018 08:27:26 GMT" time="43.084" errors="0">
  <testcase name="bookHotel" time="0.018" classname="Suites.Test.SmokeTestSuite$TestBaseSetup">
    <failure type="java.lang.NullPointerException">
      <![CDATA[java.lang.NullPointerException
at PageObjects.BookHotelPage.bookHotel(BookHotelPage.java:42)
at Suites.Test.SmokeTestSuite$TestBaseSetup.bookHotel(SmokeTestSuite.java:76)
... Removed 25 stack frames]]>
    </failure>
  </testcase> <!-- bookHotel -->
  <testcase name="initializeTestBaseSetup" time="43.039" classname="Suites.Test.SmokeTestSuite$TestBaseSetup"/>
</testsuite> <!-- ApplicationTest -->
