<?xml version="1.0" encoding="UTF-8"?>
<!-- Generated by org.testng.reporters.JUnitXMLReporter -->
<testsuite hostname="Admin-PC" ignored="0" name="ApplicationTest" tests="2" failures="1" timestamp="25 Sep 2018 10:43:39 GMT" time="203.794" errors="0">
  <testcase name="homepageSearch" time="51.527" classname="Suites.Test.SanitySuite$TestBaseSetup">
    <failure type="java.lang.NullPointerException">
      <![CDATA[java.lang.NullPointerException
at java.util.Objects.requireNonNull(Unknown Source)
at org.openqa.selenium.interactions.Actions.<init>(Actions.java:66)
at PageObjects.HomePage.HotelsSearch(HomePage.java:43)
at Suites.Test.SanitySuite$TestBaseSetup.homepageSearch(SanitySuite.java:77)
... Removed 25 stack frames]]>
    </failure>
  </testcase> <!-- homepageSearch -->
  <testcase name="initializeTestBaseSetup" time="151.886" classname="Suites.Test.SanitySuite$TestBaseSetup"/>
</testsuite> <!-- ApplicationTest -->
